<?xml version="1.0" encoding="UTF-8"?>
<!-- Generated by org.testng.reporters.JUnitReportReporter -->
<testsuite hostname="NCSIND9050D7QC0" failures="0" tests="1" name="com.ncs.EbayPageObjectModel.EbaysearchTest" time="8.435" errors="0" timestamp="2024-04-06T12:29:45 IST" skipped="0">
  <testcase classname="com.ncs.EbayPageObjectModel.EbaysearchTest" name="testEbaySearch" time="8.435"/>
  <system-out/>
</testsuite> <!-- com.ncs.EbayPageObjectModel.EbaysearchTest -->
